Using pre-set license
Built from '2020.2/release' branch; Version is '2020.2.1f1 (270dd8c3da1c) revision 2559448'; Using compiler version '192528614'; Build Type 'Release'
OS: 'Windows 10  (10.0.0) 64bit' Language: 'en' Physical Memory: 32640 MB
BatchMode: 1, IsHumanControllingUs: 0, StartBugReporterOnCrash: 0, Is64bit: 1, IsPro: 0

 COMMAND LINE ARGUMENTS:
E:\Unity versions\2020.2.1f1\Editor\Unity.exe
-adb2
-batchMode
-noUpm
-name
AssetImportWorker6
-projectPath
F:/Steam/steamapps/common/Potion Craft/Mod Dev/Unity/PotionCraftAssets
-logFile
Logs/AssetImportWorker6.log
-srvPort
64714
Successfully changed project path to: F:/Steam/steamapps/common/Potion Craft/Mod Dev/Unity/PotionCraftAssets
F:/Steam/steamapps/common/Potion Craft/Mod Dev/Unity/PotionCraftAssets
Using Asset Import Pipeline V2.
Refreshing native plugins compatible for Editor in 42.78 ms, found 1 plugins.
Preloading 0 native plugins for Editor in 0.00 ms.
Initialize engine version: 2020.2.1f1 (270dd8c3da1c)
[Subsystems] Discovering subsystems at path E:/Unity versions/2020.2.1f1/Editor/Data/Resources/UnitySubsystems
[Subsystems] Discovering subsystems at path F:/Steam/steamapps/common/Potion Craft/Mod Dev/Unity/PotionCraftAssets/Assets
GfxDevice: creating device client; threaded=0
Direct3D:
    Version:  Direct3D 11.0 [level 11.1]
    Renderer: NVIDIA GeForce RTX 3090 (ID=0x2204)
    Vendor:   
    VRAM:     24348 MB
    Driver:   30.0.14.7196
Initialize mono
Mono path[0] = 'E:/Unity versions/2020.2.1f1/Editor/Data/Managed'
Mono path[1] = 'E:/Unity versions/2020.2.1f1/Editor/Data/MonoBleedingEdge/lib/mono/unityjit'
Mono config path = 'E:/Unity versions/2020.2.1f1/Editor/Data/MonoBleedingEdge/etc'
Using monoOptions --debugger-agent=transport=dt_socket,embedding=1,server=y,suspend=n,address=127.0.0.1:56052
Begin MonoManager ReloadAssembly
Registering precompiled unity dll's ...
Register platform support module: E:/Unity versions/2020.2.1f1/Editor/Data/PlaybackEngines/WindowsStandaloneSupport/UnityEditor.WindowsStandalone.Extensions.dll
Registered in 0.001574 seconds.
Native extension for WindowsStandalone target not found
Refreshing native plugins compatible for Editor in 40.60 ms, found 1 plugins.
Preloading 0 native plugins for Editor in 0.00 ms.
Invoked RoslynAnalysisRunner static constructor.
RoslynAnalysisRunner will not be running.
RoslynAnalysisRunner has terminated.
Mono: successfully reloaded assembly
- Completed reload, in  1.135 seconds
Platform modules already initialized, skipping
Registering precompiled user dll's ...
Registered in 0.001147 seconds.
Begin MonoManager ReloadAssembly
Native extension for WindowsStandalone target not found
Refreshing native plugins compatible for Editor in 41.43 ms, found 1 plugins.
Preloading 0 native plugins for Editor in 0.00 ms.
Invoked RoslynAnalysisRunner static constructor.
RoslynAnalysisRunner will not be running.
RoslynAnalysisRunner has terminated.
Mono: successfully reloaded assembly
- Completed reload, in  1.035 seconds
Platform modules already initialized, skipping
========================================================================
Worker process is ready to serve import requests
Launched and connected shader compiler UnityShaderCompiler.exe after 0.06 seconds
Refreshing native plugins compatible for Editor in 0.61 ms, found 1 plugins.
Preloading 0 native plugins for Editor in 0.00 ms.
Unloading 1805 Unused Serialized files (Serialized files now loaded: 0)
System memory in use before: 84.3 MB.
System memory in use after: 84.2 MB.

Unloading 24 unused Assets to reduce memory usage. Loaded Objects now: 2245.
Total: 2.867900 ms (FindLiveObjects: 0.320900 ms CreateObjectMapping: 0.052300 ms MarkObjects: 2.331100 ms  DeleteObjects: 0.161400 ms)

========================================================================
Received Import Request.
  path: Assets/Prefabs/StorageCellar.prefab
  artifactKey: Guid(4c89cbeb5ed3b5c45952aa095714a873) Importer(815301076,1909f56bfc062723c751e8b465ee728b)
Start importing Assets/Prefabs/StorageCellar.prefab using Guid(4c89cbeb5ed3b5c45952aa095714a873) Importer(815301076,1909f56bfc062723c751e8b465ee728b)  -> (artifact id: 'cdd07872b809422d21b135d7dd28f4a1') in 0.233088 seconds
  Import took 0.242925 seconds .

========================================================================
Received Import Request.
  Time since last request: 1540.478494 seconds.
  path: Assets/Prefabs/StorageCellar.prefab
  artifactKey: Guid(4c89cbeb5ed3b5c45952aa095714a873) Importer(815301076,1909f56bfc062723c751e8b465ee728b)
Start importing Assets/Prefabs/StorageCellar.prefab using Guid(4c89cbeb5ed3b5c45952aa095714a873) Importer(815301076,1909f56bfc062723c751e8b465ee728b)  -> (artifact id: '3bfed2af7882a7abf3170663892b85b7') in 0.105747 seconds
  Import took 0.118532 seconds .

========================================================================
Received Import Request.
  Time since last request: 4.114707 seconds.
  path: Assets/Prefabs/StorageCellar.prefab
  artifactKey: Guid(4c89cbeb5ed3b5c45952aa095714a873) Importer(815301076,1909f56bfc062723c751e8b465ee728b)
Start importing Assets/Prefabs/StorageCellar.prefab using Guid(4c89cbeb5ed3b5c45952aa095714a873) Importer(815301076,1909f56bfc062723c751e8b465ee728b)  -> (artifact id: '7d6466bb336b0280d54e7ca3b2ab4180') in 0.095127 seconds
  Import took 0.107292 seconds .

========================================================================
Received Import Request.
  Time since last request: 7.960820 seconds.
  path: Assets/Prefabs/StorageCellar.prefab
  artifactKey: Guid(4c89cbeb5ed3b5c45952aa095714a873) Importer(815301076,1909f56bfc062723c751e8b465ee728b)
Start importing Assets/Prefabs/StorageCellar.prefab using Guid(4c89cbeb5ed3b5c45952aa095714a873) Importer(815301076,1909f56bfc062723c751e8b465ee728b)  -> (artifact id: 'a1f999717e378dda910d7a1ade69c2b4') in 0.078467 seconds
  Import took 0.088723 seconds .

========================================================================
Received Import Request.
  Time since last request: 70.645187 seconds.
  path: Assets/Prefabs/StorageCellar.prefab
  artifactKey: Guid(4c89cbeb5ed3b5c45952aa095714a873) Importer(815301076,1909f56bfc062723c751e8b465ee728b)
Start importing Assets/Prefabs/StorageCellar.prefab using Guid(4c89cbeb5ed3b5c45952aa095714a873) Importer(815301076,1909f56bfc062723c751e8b465ee728b)  -> (artifact id: '825677191e20929a7b4b64f5dc16b97f') in 0.081497 seconds
  Import took 0.091697 seconds .

========================================================================
Received Import Request.
  Time since last request: 34.953617 seconds.
  path: Assets/Prefabs/StorageCellar.prefab
  artifactKey: Guid(4c89cbeb5ed3b5c45952aa095714a873) Importer(815301076,1909f56bfc062723c751e8b465ee728b)
Start importing Assets/Prefabs/StorageCellar.prefab using Guid(4c89cbeb5ed3b5c45952aa095714a873) Importer(815301076,1909f56bfc062723c751e8b465ee728b)  -> (artifact id: '971a8ac32ec8e145430a7cac03acdb62') in 0.080119 seconds
  Import took 0.090411 seconds .

========================================================================
Received Import Request.
  Time since last request: 2.932266 seconds.
  path: Assets/Prefabs/StorageCellar.prefab
  artifactKey: Guid(4c89cbeb5ed3b5c45952aa095714a873) Importer(815301076,1909f56bfc062723c751e8b465ee728b)
Start importing Assets/Prefabs/StorageCellar.prefab using Guid(4c89cbeb5ed3b5c45952aa095714a873) Importer(815301076,1909f56bfc062723c751e8b465ee728b)  -> (artifact id: '7341d5f7160300b3d71d3e3d35716bce') in 0.080817 seconds
  Import took 0.090890 seconds .

========================================================================
Received Import Request.
  Time since last request: 7.766631 seconds.
  path: Assets/Prefabs/StorageCellar.prefab
  artifactKey: Guid(4c89cbeb5ed3b5c45952aa095714a873) Importer(815301076,1909f56bfc062723c751e8b465ee728b)
Start importing Assets/Prefabs/StorageCellar.prefab using Guid(4c89cbeb5ed3b5c45952aa095714a873) Importer(815301076,1909f56bfc062723c751e8b465ee728b)  -> (artifact id: 'ea8b79d90123e180f3c2b7262da269ba') in 0.078792 seconds
  Import took 0.091287 seconds .

========================================================================
Received Import Request.
  Time since last request: 29.735061 seconds.
  path: Assets/Prefabs/StorageCellar.prefab
  artifactKey: Guid(4c89cbeb5ed3b5c45952aa095714a873) Importer(815301076,1909f56bfc062723c751e8b465ee728b)
Start importing Assets/Prefabs/StorageCellar.prefab using Guid(4c89cbeb5ed3b5c45952aa095714a873) Importer(815301076,1909f56bfc062723c751e8b465ee728b)  -> (artifact id: '76c9b06e26a7856ac8ee8afa0c8ea657') in 0.079747 seconds
  Import took 0.090429 seconds .

========================================================================
Received Import Request.
  Time since last request: 6.553623 seconds.
  path: Assets/Prefabs/StorageCellar.prefab
  artifactKey: Guid(4c89cbeb5ed3b5c45952aa095714a873) Importer(815301076,1909f56bfc062723c751e8b465ee728b)
Start importing Assets/Prefabs/StorageCellar.prefab using Guid(4c89cbeb5ed3b5c45952aa095714a873) Importer(815301076,1909f56bfc062723c751e8b465ee728b)  -> (artifact id: '1f0066a67fc463bb482b2ecf25c999d9') in 0.081784 seconds
  Import took 0.091996 seconds .

========================================================================
Received Import Request.
  Time since last request: 1980.061776 seconds.
  path: Assets/Prefabs/StorageCellar.prefab
  artifactKey: Guid(4c89cbeb5ed3b5c45952aa095714a873) Importer(815301076,1909f56bfc062723c751e8b465ee728b)
Start importing Assets/Prefabs/StorageCellar.prefab using Guid(4c89cbeb5ed3b5c45952aa095714a873) Importer(815301076,1909f56bfc062723c751e8b465ee728b)  -> (artifact id: '8b16cc9d83381975e4d6e7865b5b2c9a') in 0.085622 seconds
  Import took 0.096981 seconds .

========================================================================
Received Import Request.
  Time since last request: 11.778242 seconds.
  path: Assets/Prefabs/StorageCellar.prefab
  artifactKey: Guid(4c89cbeb5ed3b5c45952aa095714a873) Importer(815301076,1909f56bfc062723c751e8b465ee728b)
Start importing Assets/Prefabs/StorageCellar.prefab using Guid(4c89cbeb5ed3b5c45952aa095714a873) Importer(815301076,1909f56bfc062723c751e8b465ee728b)  -> (artifact id: '94e35185cad3fd036585cae4df1f0b34') in 0.079767 seconds
  Import took 0.090136 seconds .

========================================================================
Received Import Request.
  Time since last request: 57.784147 seconds.
  path: Assets/Prefabs/StorageCellar.prefab
  artifactKey: Guid(4c89cbeb5ed3b5c45952aa095714a873) Importer(815301076,1909f56bfc062723c751e8b465ee728b)
Start importing Assets/Prefabs/StorageCellar.prefab using Guid(4c89cbeb5ed3b5c45952aa095714a873) Importer(815301076,1909f56bfc062723c751e8b465ee728b)  -> (artifact id: '50c3d93ed404010101d63b118be5c5a2') in 0.079257 seconds
  Import took 0.090191 seconds .

========================================================================
Received Import Request.
  Time since last request: 731.510791 seconds.
  path: Assets/Prefabs/StorageCellar.prefab
  artifactKey: Guid(4c89cbeb5ed3b5c45952aa095714a873) Importer(815301076,1909f56bfc062723c751e8b465ee728b)
Start importing Assets/Prefabs/StorageCellar.prefab using Guid(4c89cbeb5ed3b5c45952aa095714a873) Importer(815301076,1909f56bfc062723c751e8b465ee728b)  -> (artifact id: 'b322b33952d587b843f521430a8becd3') in 0.082813 seconds
  Import took 0.093528 seconds .

========================================================================
Received Import Request.
  Time since last request: 69.206661 seconds.
  path: Assets/Prefabs/StorageCellar.prefab
  artifactKey: Guid(4c89cbeb5ed3b5c45952aa095714a873) Importer(815301076,1909f56bfc062723c751e8b465ee728b)
Start importing Assets/Prefabs/StorageCellar.prefab using Guid(4c89cbeb5ed3b5c45952aa095714a873) Importer(815301076,1909f56bfc062723c751e8b465ee728b)  -> (artifact id: 'a37f1d00e8bfca1515ca9fc18c049a6c') in 0.079582 seconds
  Import took 0.090412 seconds .

========================================================================
Received Import Request.
  Time since last request: 21.653037 seconds.
  path: Assets/Prefabs/StorageCellar.prefab
  artifactKey: Guid(4c89cbeb5ed3b5c45952aa095714a873) Importer(815301076,1909f56bfc062723c751e8b465ee728b)
Start importing Assets/Prefabs/StorageCellar.prefab using Guid(4c89cbeb5ed3b5c45952aa095714a873) Importer(815301076,1909f56bfc062723c751e8b465ee728b)  -> (artifact id: 'ed05cf508b34397ce0ab8cc597640bbb') in 0.080822 seconds
  Import took 0.091130 seconds .

========================================================================
Received Import Request.
  Time since last request: 16.450302 seconds.
  path: Assets/Prefabs/StorageCellar.prefab
  artifactKey: Guid(4c89cbeb5ed3b5c45952aa095714a873) Importer(815301076,1909f56bfc062723c751e8b465ee728b)
Start importing Assets/Prefabs/StorageCellar.prefab using Guid(4c89cbeb5ed3b5c45952aa095714a873) Importer(815301076,1909f56bfc062723c751e8b465ee728b)  -> (artifact id: '7afe27918df06f6a3c62c8fafe177ac2') in 0.078769 seconds
  Import took 0.089134 seconds .

========================================================================
Received Import Request.
  Time since last request: 11.587211 seconds.
  path: Assets/Prefabs/StorageCellar.prefab
  artifactKey: Guid(4c89cbeb5ed3b5c45952aa095714a873) Importer(815301076,1909f56bfc062723c751e8b465ee728b)
Start importing Assets/Prefabs/StorageCellar.prefab using Guid(4c89cbeb5ed3b5c45952aa095714a873) Importer(815301076,1909f56bfc062723c751e8b465ee728b)  -> (artifact id: '1790725b5c6295007e5cdb23d0b436a7') in 0.081744 seconds
  Import took 0.093286 seconds .

========================================================================
Received Import Request.
  Time since last request: 55.875758 seconds.
  path: Assets/Prefabs/StorageCellar.prefab
  artifactKey: Guid(4c89cbeb5ed3b5c45952aa095714a873) Importer(815301076,1909f56bfc062723c751e8b465ee728b)
Start importing Assets/Prefabs/StorageCellar.prefab using Guid(4c89cbeb5ed3b5c45952aa095714a873) Importer(815301076,1909f56bfc062723c751e8b465ee728b)  -> (artifact id: '060b0bf699c046d798bc53c25f2f0150') in 0.079659 seconds
  Import took 0.090536 seconds .

========================================================================
Received Import Request.
  Time since last request: 29.518384 seconds.
  path: Assets/Prefabs/StorageCellar.prefab
  artifactKey: Guid(4c89cbeb5ed3b5c45952aa095714a873) Importer(815301076,1909f56bfc062723c751e8b465ee728b)
Start importing Assets/Prefabs/StorageCellar.prefab using Guid(4c89cbeb5ed3b5c45952aa095714a873) Importer(815301076,1909f56bfc062723c751e8b465ee728b)  -> (artifact id: '3297210019e55742f4fbd1af3adc6ca2') in 0.079390 seconds
  Import took 0.089919 seconds .

========================================================================
Received Import Request.
  Time since last request: 8.775899 seconds.
  path: Assets/Prefabs/StorageCellar.prefab
  artifactKey: Guid(4c89cbeb5ed3b5c45952aa095714a873) Importer(815301076,1909f56bfc062723c751e8b465ee728b)
Start importing Assets/Prefabs/StorageCellar.prefab using Guid(4c89cbeb5ed3b5c45952aa095714a873) Importer(815301076,1909f56bfc062723c751e8b465ee728b)  -> (artifact id: '2dfb4e1b8c18900509b4f6e51c95f424') in 0.077471 seconds
  Import took 0.087723 seconds .

========================================================================
Received Import Request.
  Time since last request: 21.633934 seconds.
  path: Assets/Prefabs/StorageCellar.prefab
  artifactKey: Guid(4c89cbeb5ed3b5c45952aa095714a873) Importer(815301076,1909f56bfc062723c751e8b465ee728b)
Start importing Assets/Prefabs/StorageCellar.prefab using Guid(4c89cbeb5ed3b5c45952aa095714a873) Importer(815301076,1909f56bfc062723c751e8b465ee728b)  -> (artifact id: '3e98863f5393a04db5085b440eba23a5') in 0.082675 seconds
  Import took 0.092924 seconds .

========================================================================
Received Import Request.
  Time since last request: 2.335739 seconds.
  path: Assets/Prefabs/StorageCellar.prefab
  artifactKey: Guid(4c89cbeb5ed3b5c45952aa095714a873) Importer(815301076,1909f56bfc062723c751e8b465ee728b)
Start importing Assets/Prefabs/StorageCellar.prefab using Guid(4c89cbeb5ed3b5c45952aa095714a873) Importer(815301076,1909f56bfc062723c751e8b465ee728b)  -> (artifact id: '910da9a3553eb3aff0bb49fd1e1c2348') in 0.077407 seconds
  Import took 0.087792 seconds .

========================================================================
Received Import Request.
  Time since last request: 2.321918 seconds.
  path: Assets/Prefabs/StorageCellar.prefab
  artifactKey: Guid(4c89cbeb5ed3b5c45952aa095714a873) Importer(815301076,1909f56bfc062723c751e8b465ee728b)
Start importing Assets/Prefabs/StorageCellar.prefab using Guid(4c89cbeb5ed3b5c45952aa095714a873) Importer(815301076,1909f56bfc062723c751e8b465ee728b)  -> (artifact id: 'df457a133f10018d9709e6a6396c9095') in 0.080282 seconds
  Import took 0.092769 seconds .

========================================================================
Received Import Request.
  Time since last request: 33.054504 seconds.
  path: Assets/Prefabs/StorageCellar.prefab
  artifactKey: Guid(4c89cbeb5ed3b5c45952aa095714a873) Importer(815301076,1909f56bfc062723c751e8b465ee728b)
Start importing Assets/Prefabs/StorageCellar.prefab using Guid(4c89cbeb5ed3b5c45952aa095714a873) Importer(815301076,1909f56bfc062723c751e8b465ee728b)  -> (artifact id: '176ee3bc032b0e712e04c24689d22608') in 0.078708 seconds
  Import took 0.089584 seconds .

========================================================================
Received Import Request.
  Time since last request: 34.553195 seconds.
  path: Assets/Prefabs/StorageCellar.prefab
  artifactKey: Guid(4c89cbeb5ed3b5c45952aa095714a873) Importer(815301076,1909f56bfc062723c751e8b465ee728b)
Start importing Assets/Prefabs/StorageCellar.prefab using Guid(4c89cbeb5ed3b5c45952aa095714a873) Importer(815301076,1909f56bfc062723c751e8b465ee728b)  -> (artifact id: 'e766859cb2176525cad27f7bc705ba7f') in 0.079945 seconds
  Import took 0.090347 seconds .

========================================================================
Received Import Request.
  Time since last request: 6.354722 seconds.
  path: Assets/Prefabs/StorageCellar.prefab
  artifactKey: Guid(4c89cbeb5ed3b5c45952aa095714a873) Importer(815301076,1909f56bfc062723c751e8b465ee728b)
Start importing Assets/Prefabs/StorageCellar.prefab using Guid(4c89cbeb5ed3b5c45952aa095714a873) Importer(815301076,1909f56bfc062723c751e8b465ee728b)  -> (artifact id: '02ccf480e5d9e5a842cfe44ffe0f9792') in 0.081650 seconds
  Import took 0.094111 seconds .

========================================================================
Received Import Request.
  Time since last request: 5.763108 seconds.
  path: Assets/Prefabs/StorageCellar.prefab
  artifactKey: Guid(4c89cbeb5ed3b5c45952aa095714a873) Importer(815301076,1909f56bfc062723c751e8b465ee728b)
Start importing Assets/Prefabs/StorageCellar.prefab using Guid(4c89cbeb5ed3b5c45952aa095714a873) Importer(815301076,1909f56bfc062723c751e8b465ee728b)  -> (artifact id: '25bdcac0b71e29c066b0b2f2a63ed28f') in 0.079377 seconds
  Import took 0.090263 seconds .

========================================================================
Received Import Request.
  Time since last request: 4.342547 seconds.
  path: Assets/Prefabs/StorageCellar.prefab
  artifactKey: Guid(4c89cbeb5ed3b5c45952aa095714a873) Importer(815301076,1909f56bfc062723c751e8b465ee728b)
Start importing Assets/Prefabs/StorageCellar.prefab using Guid(4c89cbeb5ed3b5c45952aa095714a873) Importer(815301076,1909f56bfc062723c751e8b465ee728b)  -> (artifact id: 'eddba17c6548756a107b17aac5a92427') in 0.077634 seconds
  Import took 0.087975 seconds .

========================================================================
Received Import Request.
  Time since last request: 15.002110 seconds.
  path: Assets/Prefabs/StorageCellar.prefab
  artifactKey: Guid(4c89cbeb5ed3b5c45952aa095714a873) Importer(815301076,1909f56bfc062723c751e8b465ee728b)
Start importing Assets/Prefabs/StorageCellar.prefab using Guid(4c89cbeb5ed3b5c45952aa095714a873) Importer(815301076,1909f56bfc062723c751e8b465ee728b)  -> (artifact id: 'ed7f70f120ed6567812ef205c0c0d3e2') in 0.077740 seconds
  Import took 0.089870 seconds .

========================================================================
Received Import Request.
  Time since last request: 6.553678 seconds.
  path: Assets/Prefabs/StorageCellar.prefab
  artifactKey: Guid(4c89cbeb5ed3b5c45952aa095714a873) Importer(815301076,1909f56bfc062723c751e8b465ee728b)
Start importing Assets/Prefabs/StorageCellar.prefab using Guid(4c89cbeb5ed3b5c45952aa095714a873) Importer(815301076,1909f56bfc062723c751e8b465ee728b)  -> (artifact id: '1b1d3b53591a08fdb6d3b5dd2d488947') in 0.078165 seconds
  Import took 0.088331 seconds .

========================================================================
Received Import Request.
  Time since last request: 10.787141 seconds.
  path: Assets/Prefabs/StorageCellar.prefab
  artifactKey: Guid(4c89cbeb5ed3b5c45952aa095714a873) Importer(815301076,1909f56bfc062723c751e8b465ee728b)
Start importing Assets/Prefabs/StorageCellar.prefab using Guid(4c89cbeb5ed3b5c45952aa095714a873) Importer(815301076,1909f56bfc062723c751e8b465ee728b)  -> (artifact id: 'c4d66263733e2b16ab9d2fef6c94078b') in 0.080428 seconds
  Import took 0.093483 seconds .

========================================================================
Received Import Request.
  Time since last request: 6.556855 seconds.
  path: Assets/Prefabs/StorageCellar.prefab
  artifactKey: Guid(4c89cbeb5ed3b5c45952aa095714a873) Importer(815301076,1909f56bfc062723c751e8b465ee728b)
Start importing Assets/Prefabs/StorageCellar.prefab using Guid(4c89cbeb5ed3b5c45952aa095714a873) Importer(815301076,1909f56bfc062723c751e8b465ee728b)  -> (artifact id: 'd1c0ba2b16f6e4702e8d9566549baddc') in 0.078421 seconds
  Import took 0.088794 seconds .

========================================================================
Received Import Request.
  Time since last request: 8.797377 seconds.
  path: Assets/Prefabs/StorageCellar.prefab
  artifactKey: Guid(4c89cbeb5ed3b5c45952aa095714a873) Importer(815301076,1909f56bfc062723c751e8b465ee728b)
Start importing Assets/Prefabs/StorageCellar.prefab using Guid(4c89cbeb5ed3b5c45952aa095714a873) Importer(815301076,1909f56bfc062723c751e8b465ee728b)  -> (artifact id: 'd70057b59b7bd429da70c9fb6c8046ae') in 0.080042 seconds
  Import took 0.090872 seconds .

========================================================================
Received Import Request.
  Time since last request: 28.303455 seconds.
  path: Assets/Prefabs/StorageCellar.prefab
  artifactKey: Guid(4c89cbeb5ed3b5c45952aa095714a873) Importer(815301076,1909f56bfc062723c751e8b465ee728b)
Start importing Assets/Prefabs/StorageCellar.prefab using Guid(4c89cbeb5ed3b5c45952aa095714a873) Importer(815301076,1909f56bfc062723c751e8b465ee728b)  -> (artifact id: '2d107924e7e9e8bc9b2351a32f8fe546') in 0.078960 seconds
  Import took 0.089137 seconds .

========================================================================
Received Import Request.
  Time since last request: 8.366887 seconds.
  path: Assets/Prefabs/StorageCellar.prefab
  artifactKey: Guid(4c89cbeb5ed3b5c45952aa095714a873) Importer(815301076,1909f56bfc062723c751e8b465ee728b)
Start importing Assets/Prefabs/StorageCellar.prefab using Guid(4c89cbeb5ed3b5c45952aa095714a873) Importer(815301076,1909f56bfc062723c751e8b465ee728b)  -> (artifact id: '89103042caa1e24111394105bdbd9a37') in 0.083192 seconds
  Import took 0.093404 seconds .

========================================================================
Received Import Request.
  Time since last request: 48.239065 seconds.
  path: Assets/Prefabs/StorageCellar.prefab
  artifactKey: Guid(4c89cbeb5ed3b5c45952aa095714a873) Importer(815301076,1909f56bfc062723c751e8b465ee728b)
Start importing Assets/Prefabs/StorageCellar.prefab using Guid(4c89cbeb5ed3b5c45952aa095714a873) Importer(815301076,1909f56bfc062723c751e8b465ee728b)  -> (artifact id: '4148620d408a2a1359e903a436b4b3c0') in 0.081434 seconds
  Import took 0.091644 seconds .

========================================================================
Received Import Request.
  Time since last request: 2.525542 seconds.
  path: Assets/Prefabs/StorageCellar.prefab
  artifactKey: Guid(4c89cbeb5ed3b5c45952aa095714a873) Importer(815301076,1909f56bfc062723c751e8b465ee728b)
Start importing Assets/Prefabs/StorageCellar.prefab using Guid(4c89cbeb5ed3b5c45952aa095714a873) Importer(815301076,1909f56bfc062723c751e8b465ee728b)  -> (artifact id: '4ac1ed2c57db860565f0f35029262388') in 0.077951 seconds
  Import took 0.088329 seconds .

========================================================================
Received Import Request.
  Time since last request: 14.206560 seconds.
  path: Assets/Prefabs/StorageCellar.prefab
  artifactKey: Guid(4c89cbeb5ed3b5c45952aa095714a873) Importer(815301076,1909f56bfc062723c751e8b465ee728b)
Start importing Assets/Prefabs/StorageCellar.prefab using Guid(4c89cbeb5ed3b5c45952aa095714a873) Importer(815301076,1909f56bfc062723c751e8b465ee728b)  -> (artifact id: '3b2d2395570df960fecd75734867ec00') in 0.076682 seconds
  Import took 0.087633 seconds .

========================================================================
Received Import Request.
  Time since last request: 10.383862 seconds.
  path: Assets/Prefabs/StorageCellar.prefab
  artifactKey: Guid(4c89cbeb5ed3b5c45952aa095714a873) Importer(815301076,1909f56bfc062723c751e8b465ee728b)
Start importing Assets/Prefabs/StorageCellar.prefab using Guid(4c89cbeb5ed3b5c45952aa095714a873) Importer(815301076,1909f56bfc062723c751e8b465ee728b)  -> (artifact id: 'ee13a16d5ea00c03bdf5a783d44e2261') in 0.082248 seconds
  Import took 0.092644 seconds .

========================================================================
Received Import Request.
  Time since last request: 18.040601 seconds.
  path: Assets/Prefabs/StorageCellar.prefab
  artifactKey: Guid(4c89cbeb5ed3b5c45952aa095714a873) Importer(815301076,1909f56bfc062723c751e8b465ee728b)
Start importing Assets/Prefabs/StorageCellar.prefab using Guid(4c89cbeb5ed3b5c45952aa095714a873) Importer(815301076,1909f56bfc062723c751e8b465ee728b)  -> (artifact id: '86d6a9c5b44403aeb22e831faf41b3c8') in 0.077455 seconds
  Import took 0.087634 seconds .

========================================================================
Received Import Request.
  Time since last request: 12.384431 seconds.
  path: Assets/Prefabs/StorageCellar.prefab
  artifactKey: Guid(4c89cbeb5ed3b5c45952aa095714a873) Importer(815301076,1909f56bfc062723c751e8b465ee728b)
Start importing Assets/Prefabs/StorageCellar.prefab using Guid(4c89cbeb5ed3b5c45952aa095714a873) Importer(815301076,1909f56bfc062723c751e8b465ee728b)  -> (artifact id: 'd460848435200d94ae8c16d46114ae21') in 0.077362 seconds
  Import took 0.087601 seconds .

========================================================================
Received Import Request.
  Time since last request: 8.363948 seconds.
  path: Assets/Prefabs/StorageCellar.prefab
  artifactKey: Guid(4c89cbeb5ed3b5c45952aa095714a873) Importer(815301076,1909f56bfc062723c751e8b465ee728b)
Start importing Assets/Prefabs/StorageCellar.prefab using Guid(4c89cbeb5ed3b5c45952aa095714a873) Importer(815301076,1909f56bfc062723c751e8b465ee728b)  -> (artifact id: 'fb9a54512009fe763b18bb04af62c7d8') in 0.082944 seconds
  Import took 0.093462 seconds .

========================================================================
Received Import Request.
  Time since last request: 9.570845 seconds.
  path: Assets/Prefabs/StorageCellar.prefab
  artifactKey: Guid(4c89cbeb5ed3b5c45952aa095714a873) Importer(815301076,1909f56bfc062723c751e8b465ee728b)
Start importing Assets/Prefabs/StorageCellar.prefab using Guid(4c89cbeb5ed3b5c45952aa095714a873) Importer(815301076,1909f56bfc062723c751e8b465ee728b)  -> (artifact id: '25c755a28c639c41f6edb153a117b5a3') in 0.078046 seconds
  Import took 0.088537 seconds .

========================================================================
Received Import Request.
  Time since last request: 9.786498 seconds.
  path: Assets/Prefabs/StorageCellar.prefab
  artifactKey: Guid(4c89cbeb5ed3b5c45952aa095714a873) Importer(815301076,1909f56bfc062723c751e8b465ee728b)
Start importing Assets/Prefabs/StorageCellar.prefab using Guid(4c89cbeb5ed3b5c45952aa095714a873) Importer(815301076,1909f56bfc062723c751e8b465ee728b)  -> (artifact id: '594f9b5617c189f3360bd26677a26725') in 0.078855 seconds
  Import took 0.089022 seconds .

========================================================================
Received Import Request.
  Time since last request: 9.175951 seconds.
  path: Assets/Prefabs/StorageCellar.prefab
  artifactKey: Guid(4c89cbeb5ed3b5c45952aa095714a873) Importer(815301076,1909f56bfc062723c751e8b465ee728b)
Start importing Assets/Prefabs/StorageCellar.prefab using Guid(4c89cbeb5ed3b5c45952aa095714a873) Importer(815301076,1909f56bfc062723c751e8b465ee728b)  -> (artifact id: 'ddeb1c7aac90df4cbaa1bffba3f486e3') in 0.097279 seconds
  Import took 0.107496 seconds .

========================================================================
Received Import Request.
  Time since last request: 4.117746 seconds.
  path: Assets/Prefabs/StorageCellar.prefab
  artifactKey: Guid(4c89cbeb5ed3b5c45952aa095714a873) Importer(815301076,1909f56bfc062723c751e8b465ee728b)
Start importing Assets/Prefabs/StorageCellar.prefab using Guid(4c89cbeb5ed3b5c45952aa095714a873) Importer(815301076,1909f56bfc062723c751e8b465ee728b)  -> (artifact id: 'c102f703236ce828a8d6cf02d387e18b') in 0.076325 seconds
  Import took 0.086387 seconds .

========================================================================
Received Import Request.
  Time since last request: 1.933748 seconds.
  path: Assets/Prefabs/StorageCellar.prefab
  artifactKey: Guid(4c89cbeb5ed3b5c45952aa095714a873) Importer(815301076,1909f56bfc062723c751e8b465ee728b)
Start importing Assets/Prefabs/StorageCellar.prefab using Guid(4c89cbeb5ed3b5c45952aa095714a873) Importer(815301076,1909f56bfc062723c751e8b465ee728b)  -> (artifact id: '9425338fe2f001177c759ab6a0c4524f') in 0.076418 seconds
  Import took 0.086869 seconds .

========================================================================
Received Import Request.
  Time since last request: 7.369164 seconds.
  path: Assets/Prefabs/StorageCellar.prefab
  artifactKey: Guid(4c89cbeb5ed3b5c45952aa095714a873) Importer(815301076,1909f56bfc062723c751e8b465ee728b)
Start importing Assets/Prefabs/StorageCellar.prefab using Guid(4c89cbeb5ed3b5c45952aa095714a873) Importer(815301076,1909f56bfc062723c751e8b465ee728b)  -> (artifact id: 'ed59b0f92629226feacfe891111b755d') in 0.077435 seconds
  Import took 0.087646 seconds .

========================================================================
Received Import Request.
  Time since last request: 19.445428 seconds.
  path: Assets/Prefabs/StorageCellar.prefab
  artifactKey: Guid(4c89cbeb5ed3b5c45952aa095714a873) Importer(815301076,1909f56bfc062723c751e8b465ee728b)
Start importing Assets/Prefabs/StorageCellar.prefab using Guid(4c89cbeb5ed3b5c45952aa095714a873) Importer(815301076,1909f56bfc062723c751e8b465ee728b)  -> (artifact id: 'e68b70ed7a59996be67c22f8b118aaea') in 0.076188 seconds
  Import took 0.087930 seconds .

========================================================================
Received Import Request.
  Time since last request: 4.343847 seconds.
  path: Assets/Prefabs/StorageCellar.prefab
  artifactKey: Guid(4c89cbeb5ed3b5c45952aa095714a873) Importer(815301076,1909f56bfc062723c751e8b465ee728b)
Start importing Assets/Prefabs/StorageCellar.prefab using Guid(4c89cbeb5ed3b5c45952aa095714a873) Importer(815301076,1909f56bfc062723c751e8b465ee728b)  -> (artifact id: 'a1463409c6af3daaf2b09e0e9d702fda') in 0.078724 seconds
  Import took 0.090848 seconds .

========================================================================
Received Import Request.
  Time since last request: 20.454486 seconds.
  path: Assets/Prefabs/StorageCellar.prefab
  artifactKey: Guid(4c89cbeb5ed3b5c45952aa095714a873) Importer(815301076,1909f56bfc062723c751e8b465ee728b)
Start importing Assets/Prefabs/StorageCellar.prefab using Guid(4c89cbeb5ed3b5c45952aa095714a873) Importer(815301076,1909f56bfc062723c751e8b465ee728b)  -> (artifact id: 'f236c6f3b8a66faa2d2e08f2f459a999') in 0.078205 seconds
  Import took 0.088510 seconds .

========================================================================
Received Prepare
Refreshing native plugins compatible for Editor in 2.08 ms, found 1 plugins.
Preloading 0 native plugins for Editor in 0.00 ms.
Unloading 10 Unused Serialized files (Serialized files now loaded: 0)
System memory in use before: 52.4 MB.
System memory in use after: 52.4 MB.

Unloading 10 unused Assets to reduce memory usage. Loaded Objects now: 2252.
Total: 3.221100 ms (FindLiveObjects: 0.303500 ms CreateObjectMapping: 0.050700 ms MarkObjects: 2.741400 ms  DeleteObjects: 0.124400 ms)

========================================================================
Received Prepare
Refreshing native plugins compatible for Editor in 1.96 ms, found 1 plugins.
Preloading 0 native plugins for Editor in 0.00 ms.
Unloading 10 Unused Serialized files (Serialized files now loaded: 0)
System memory in use before: 52.5 MB.
System memory in use after: 52.5 MB.

Unloading 10 unused Assets to reduce memory usage. Loaded Objects now: 2252.
Total: 3.748000 ms (FindLiveObjects: 0.320900 ms CreateObjectMapping: 0.054400 ms MarkObjects: 3.234900 ms  DeleteObjects: 0.135500 ms)

========================================================================
Received Prepare
Refreshing native plugins compatible for Editor in 2.09 ms, found 1 plugins.
Preloading 0 native plugins for Editor in 0.00 ms.
Unloading 10 Unused Serialized files (Serialized files now loaded: 0)
System memory in use before: 52.6 MB.
System memory in use after: 52.6 MB.

Unloading 10 unused Assets to reduce memory usage. Loaded Objects now: 2252.
Total: 3.024500 ms (FindLiveObjects: 0.326700 ms CreateObjectMapping: 0.051100 ms MarkObjects: 2.507800 ms  DeleteObjects: 0.137600 ms)

========================================================================
Received Import Request.
  Time since last request: 875.691480 seconds.
  path: Assets/Prefabs/StorageCellar.prefab
  artifactKey: Guid(4c89cbeb5ed3b5c45952aa095714a873) Importer(815301076,1909f56bfc062723c751e8b465ee728b)
Start importing Assets/Prefabs/StorageCellar.prefab using Guid(4c89cbeb5ed3b5c45952aa095714a873) Importer(815301076,1909f56bfc062723c751e8b465ee728b)  -> (artifact id: 'ffa32019a7eaeea682b7c74c59d60239') in 0.087736 seconds
  Import took 0.098888 seconds .

========================================================================
Received Prepare
Refreshing native plugins compatible for Editor in 2.01 ms, found 1 plugins.
Preloading 0 native plugins for Editor in 0.00 ms.
Unloading 10 Unused Serialized files (Serialized files now loaded: 0)
System memory in use before: 52.6 MB.
System memory in use after: 52.6 MB.

Unloading 10 unused Assets to reduce memory usage. Loaded Objects now: 2252.
Total: 2.852700 ms (FindLiveObjects: 0.297600 ms CreateObjectMapping: 0.049200 ms MarkObjects: 2.374000 ms  DeleteObjects: 0.130600 ms)

========================================================================
Received Prepare
Refreshing native plugins compatible for Editor in 2.13 ms, found 1 plugins.
Preloading 0 native plugins for Editor in 0.00 ms.
Unloading 10 Unused Serialized files (Serialized files now loaded: 0)
System memory in use before: 52.7 MB.
System memory in use after: 52.7 MB.

Unloading 10 unused Assets to reduce memory usage. Loaded Objects now: 2252.
Total: 2.996500 ms (FindLiveObjects: 0.312500 ms CreateObjectMapping: 0.053100 ms MarkObjects: 2.498800 ms  DeleteObjects: 0.130700 ms)

AssetImportWorkerClient::OnTransportError - code=2 error=End of file
